<?xml version="1.0" encoding="UTF-8"?>
<testng-results total="3" passed="3" failed="0" skipped="0">
  <reporter-output>
  </reporter-output>
  <suite started-at="2023-03-29T04:04:11Z" name="Suite" finished-at="2023-03-29T04:05:00Z" duration-ms="49814">
    <groups>
    </groups>
    <test started-at="2023-03-29T04:04:11Z" name="Test" finished-at="2023-03-29T04:05:00Z" duration-ms="49814">
      <class name="secondloginTESTNG.url">
        <test-method signature="urls()[pri:0, instance:secondloginTESTNG.url@1bd39d3c]" started-at="2023-03-29T09:34:41Z" name="urls" finished-at="2023-03-29T09:34:41Z" duration-ms="93" status="PASS">
          <reporter-output>
          </reporter-output>
        </test-method> <!-- urls -->
      </class> <!-- secondloginTESTNG.url -->
      <class name="secondloginTESTNG.verylogin">
        <test-method is-config="true" signature="beforeclass()[pri:0, instance:secondloginTESTNG.verylogin@6f19ac19]" started-at="2023-03-29T09:34:41Z" name="beforeclass" finished-at="2023-03-29T09:34:41Z" duration-ms="1" status="PASS">
          <reporter-output>
          </reporter-output>
        </test-method> <!-- beforeclass -->
        <test-method signature="login()[pri:0, instance:secondloginTESTNG.verylogin@6f19ac19]" started-at="2023-03-29T09:34:41Z" name="login" finished-at="2023-03-29T09:34:47Z" duration-ms="5551" status="PASS">
          <reporter-output>
          </reporter-output>
        </test-method> <!-- login -->
        <test-method is-config="true" signature="beforemethod()[pri:0, instance:secondloginTESTNG.verylogin@6f19ac19]" started-at="2023-03-29T09:34:41Z" name="beforemethod" finished-at="2023-03-29T09:34:41Z" duration-ms="0" status="PASS">
          <reporter-output>
          </reporter-output>
        </test-method> <!-- beforemethod -->
        <test-method is-config="true" signature="aftermethod()[pri:0, instance:secondloginTESTNG.verylogin@6f19ac19]" started-at="2023-03-29T09:34:47Z" name="aftermethod" finished-at="2023-03-29T09:34:47Z" duration-ms="1" status="PASS">
          <reporter-output>
          </reporter-output>
        </test-method> <!-- aftermethod -->
        <test-method is-config="true" signature="afterclass()[pri:0, instance:secondloginTESTNG.verylogin@6f19ac19]" started-at="2023-03-29T09:34:47Z" name="afterclass" finished-at="2023-03-29T09:34:47Z" duration-ms="0" status="PASS">
          <reporter-output>
          </reporter-output>
        </test-method> <!-- afterclass -->
      </class> <!-- secondloginTESTNG.verylogin -->
      <class name="secondloginTESTNG.Ttitle">
        <test-method is-config="true" signature="beforetest()[pri:0, instance:secondloginTESTNG.Ttitle@59cba5a]" started-at="2023-03-29T09:34:11Z" name="beforetest" finished-at="2023-03-29T09:34:19Z" duration-ms="8757" status="PASS">
          <reporter-output>
          </reporter-output>
        </test-method> <!-- beforetest -->
        <test-method is-config="true" signature="beforetest()[pri:0, instance:secondloginTESTNG.url@1bd39d3c]" started-at="2023-03-29T09:34:19Z" name="beforetest" finished-at="2023-03-29T09:34:31Z" duration-ms="11340" status="PASS">
          <reporter-output>
          </reporter-output>
        </test-method> <!-- beforetest -->
        <test-method is-config="true" signature="beforetest()[pri:0, instance:secondloginTESTNG.verylogin@6f19ac19]" started-at="2023-03-29T09:34:31Z" name="beforetest" finished-at="2023-03-29T09:34:41Z" duration-ms="10189" status="PASS">
          <reporter-output>
          </reporter-output>
        </test-method> <!-- beforetest -->
        <test-method signature="titile()[pri:0, instance:secondloginTESTNG.Ttitle@59cba5a]" started-at="2023-03-29T09:34:41Z" name="titile" finished-at="2023-03-29T09:34:41Z" duration-ms="77" status="PASS">
          <reporter-output>
          </reporter-output>
        </test-method> <!-- titile -->
        <test-method is-config="true" signature="teardwon()[pri:0, instance:secondloginTESTNG.Ttitle@59cba5a]" started-at="2023-03-29T09:34:47Z" name="teardwon" finished-at="2023-03-29T09:34:54Z" duration-ms="7348" status="PASS">
          <reporter-output>
          </reporter-output>
        </test-method> <!-- teardwon -->
        <test-method is-config="true" signature="teardwon()[pri:0, instance:secondloginTESTNG.url@1bd39d3c]" started-at="2023-03-29T09:34:54Z" name="teardwon" finished-at="2023-03-29T09:34:58Z" duration-ms="3930" status="PASS">
          <reporter-output>
          </reporter-output>
        </test-method> <!-- teardwon -->
        <test-method is-config="true" signature="teardwon()[pri:0, instance:secondloginTESTNG.verylogin@6f19ac19]" started-at="2023-03-29T09:34:58Z" name="teardwon" finished-at="2023-03-29T09:35:00Z" duration-ms="2436" status="PASS">
          <reporter-output>
          </reporter-output>
        </test-method> <!-- teardwon -->
      </class> <!-- secondloginTESTNG.Ttitle -->
    </test> <!-- Test -->
  </suite> <!-- Suite -->
</testng-results>
